<?xml version="1.0" encoding="UTF-8"?>
<!-- Generated by org.testng.reporters.JUnitReportReporter -->
<testsuite hostname="DESKTOP-CCGKBQ7" failures="0" tests="1" name="scrapingData.ScrapQuelityMarine" time="147.985" errors="0" timestamp="2024-11-26T20:55:45 IST" skipped="0">
  <testcase classname="scrapingData.ScrapQuelityMarine" name="test" time="147.985"/>
  <system-out/>
</testsuite> <!-- scrapingData.ScrapQuelityMarine -->
