<?xml version="1.0" encoding="UTF-8"?>
<!-- Generated by org.testng.reporters.JUnitReportReporter -->
<testsuite hostname="DESKTOP-CCGKBQ7" failures="0" tests="1" name="scrapingData.BaseClass" time="0.039" errors="0" timestamp="2024-11-26T19:12:18 IST" skipped="0">
  <testcase classname="scrapingData.BaseClass" name="test" time="0.039"/>
  <system-out/>
</testsuite> <!-- scrapingData.BaseClass -->
